[Client: ../../datasets/diabetes/processed_silos/hospital_4.csv] Round 1 - Loss: 0.4967
[Client: ../../datasets/diabetes/processed_silos/hospital_4.csv] Round 1 - Loss: 0.4929
[Client: ../../datasets/diabetes/processed_silos/hospital_4.csv] Round 1 - Loss: 0.4912
[Client: ../../datasets/diabetes/processed_silos/hospital_4.csv] Round 1 - Accuracy: 0.8872, Loss: 0.4467
[Client: ../../datasets/diabetes/processed_silos/hospital_4.csv] Round 2 - Loss: 0.4321
[Client: ../../datasets/diabetes/processed_silos/hospital_4.csv] Round 2 - Accuracy: 0.8872, Loss: 0.4146
[Client: ../../datasets/diabetes/processed_silos/hospital_4.csv] Round 3 - Loss: 0.4070
[Client: ../../datasets/diabetes/processed_silos/hospital_4.csv] Round 3 - Accuracy: 0.8872, Loss: 0.3974
[Client: ../../datasets/diabetes/processed_silos/hospital_4.csv] Round 4 - Loss: 0.3942
[Client: ../../datasets/diabetes/processed_silos/hospital_4.csv] Round 4 - Accuracy: 0.8872, Loss: 0.3867
[Client: ../../datasets/diabetes/processed_silos/hospital_4.csv] Round 5 - Loss: 0.3856
[Client: ../../datasets/diabetes/processed_silos/hospital_4.csv] Round 5 - Accuracy: 0.8872, Loss: 0.3790
[Client: ../../datasets/diabetes/processed_silos/hospital_4.csv] Round 1 - Loss: 0.4928 - accuracy: 0.8879
[Client: ../../datasets/diabetes/processed_silos/hospital_4.csv] Round 1 - Accuracy: 0.8876, Loss: 0.4458
[Client: ../../datasets/diabetes/processed_silos/hospital_4.csv] Round 2 - Loss: 0.4309 - accuracy: 0.8876
[Client: ../../datasets/diabetes/processed_silos/hospital_4.csv] Round 2 - Accuracy: 0.8882, Loss: 0.4131
[Client: ../../datasets/diabetes/processed_silos/hospital_4.csv] Round 3 - Loss: 0.4055 - accuracy: 0.8879
[Client: ../../datasets/diabetes/processed_silos/hospital_4.csv] Round 3 - Accuracy: 0.8876, Loss: 0.3963
[Client: ../../datasets/diabetes/processed_silos/hospital_4.csv] Round 4 - Loss: 0.3919 - accuracy: 0.8872
[Client: ../../datasets/diabetes/processed_silos/hospital_4.csv] Round 4 - Accuracy: 0.8876, Loss: 0.3850
[Client: ../../datasets/diabetes/processed_silos/hospital_4.csv] Round 5 - Loss: 0.3822 - accuracy: 0.8872
[Client: ../../datasets/diabetes/processed_silos/hospital_4.csv] Round 5 - Accuracy: 0.8876, Loss: 0.3776
[Client: ../../datasets/diabetes/processed_silos/hospital_4.csv] Round 1 - Loss: 0.5016 - accuracy: 0.8872
[Client: ../../datasets/diabetes/processed_silos/hospital_4.csv] Round 1 - Accuracy: 0.8876, Loss: 0.4446
[Client: ../../datasets/diabetes/processed_silos/hospital_4.csv] Round 2 - Loss: 0.4297 - accuracy: 0.8872
[Client: ../../datasets/diabetes/processed_silos/hospital_4.csv] Round 2 - Accuracy: 0.8876, Loss: 0.4109
[Client: ../../datasets/diabetes/processed_silos/hospital_4.csv] Round 3 - Loss: 0.4049 - accuracy: 0.8876
[Client: ../../datasets/diabetes/processed_silos/hospital_4.csv] Round 3 - Accuracy: 0.8872, Loss: 0.3922
[Client: ../../datasets/diabetes/processed_silos/hospital_4.csv] Round 4 - Loss: 0.3894 - accuracy: 0.8872
[Client: ../../datasets/diabetes/processed_silos/hospital_4.csv] Round 4 - Accuracy: 0.8872, Loss: 0.3825
[Client: ../../datasets/diabetes/processed_silos/hospital_4.csv] Round 5 - Loss: 0.3792 - accuracy: 0.8872
[Client: ../../datasets/diabetes/processed_silos/hospital_4.csv] Round 5 - Accuracy: 0.8872, Loss: 0.3737
[Client: ../../datasets/diabetes/processed_silos/hospital_4.csv] Round 1 - Loss: 0.4950 - accuracy: 0.8876
[Client: ../../datasets/diabetes/processed_silos/hospital_4.csv] Round 1 - Loss: 0.4479, Acc: 0.8872, Prec: 0.8875, Recall: 0.9996, Spec: 0.0000, F1: 0.9403
[Client: ../../datasets/diabetes/processed_silos/hospital_4.csv] Round 2 - Loss: 0.4358 - accuracy: 0.8872
[Client: ../../datasets/diabetes/processed_silos/hospital_4.csv] Round 2 - Loss: 0.4152, Acc: 0.8872, Prec: 0.8875, Recall: 0.9996, Spec: 0.0000, F1: 0.9403
[Client: ../../datasets/diabetes/processed_silos/hospital_4.csv] Round 3 - Loss: 0.4108 - accuracy: 0.8876
[Client: ../../datasets/diabetes/processed_silos/hospital_4.csv] Round 3 - Loss: 0.3985, Acc: 0.8876, Prec: 0.8876, Recall: 1.0000, Spec: 0.0000, F1: 0.9404
[Client: ../../datasets/diabetes/processed_silos/hospital_4.csv] Round 4 - Loss: 0.3946 - accuracy: 0.8872
[Client: ../../datasets/diabetes/processed_silos/hospital_4.csv] Round 4 - Loss: 0.3867, Acc: 0.8876, Prec: 0.8876, Recall: 1.0000, Spec: 0.0000, F1: 0.9404
[Client: ../../datasets/diabetes/processed_silos/hospital_4.csv] Round 5 - Loss: 0.3851 - accuracy: 0.8872
[Client: ../../datasets/diabetes/processed_silos/hospital_4.csv] Round 5 - Loss: 0.3782, Acc: 0.8876, Prec: 0.8876, Recall: 1.0000, Spec: 0.0000, F1: 0.9404
[Client: ../../datasets/diabetes/processed_silos/hospital_4.csv] Round 1 - Loss: 0.4929 - accuracy: 0.8876
[Client: ../../datasets/diabetes/processed_silos/hospital_4.csv] Round 1 - Loss: 0.4481, Acc: 0.8876, Prec: 0.8876, Recall: 1.0000, Spec: 0.0000, F1: 0.9404
[Client: ../../datasets/diabetes/processed_silos/hospital_4.csv] Round 2 - Loss: 0.4357 - accuracy: 0.8872
[Client: ../../datasets/diabetes/processed_silos/hospital_4.csv] Round 2 - Loss: 0.4173, Acc: 0.8872, Prec: 0.8875, Recall: 0.9996, Spec: 0.0000, F1: 0.9403
[Client: ../../datasets/diabetes/processed_silos/hospital_4.csv] Round 3 - Loss: 0.4099 - accuracy: 0.8872
[Client: ../../datasets/diabetes/processed_silos/hospital_4.csv] Round 3 - Loss: 0.3997, Acc: 0.8872, Prec: 0.8875, Recall: 0.9996, Spec: 0.0000, F1: 0.9403
[Client: ../../datasets/diabetes/processed_silos/hospital_4.csv] Round 4 - Loss: 0.3979 - accuracy: 0.8872
[Client: ../../datasets/diabetes/processed_silos/hospital_4.csv] Round 4 - Loss: 0.3887, Acc: 0.8872, Prec: 0.8875, Recall: 0.9996, Spec: 0.0000, F1: 0.9403
[Client: ../../datasets/diabetes/processed_silos/hospital_4.csv] Round 5 - Loss: 0.3844 - accuracy: 0.8872
[Client: ../../datasets/diabetes/processed_silos/hospital_4.csv] Round 5 - Loss: 0.3797, Acc: 0.8872, Prec: 0.8875, Recall: 0.9996, Spec: 0.0000, F1: 0.9403
[Client: ../../datasets/diabetes/processed_silos/hospital_4.csv] Round 1 - Loss: 0.5049 - accuracy: 0.8879
[Client: ../../datasets/diabetes/processed_silos/hospital_4.csv] Round 1 - Loss: 0.4457, Acc: 0.8876, Prec: 0.8876, Recall: 1.0000, Spec: 0.0000, F1: 0.9404
[Client: ../../datasets/diabetes/processed_silos/hospital_4.csv] Round 2 - Loss: 0.4310 - accuracy: 0.8872
[Client: ../../datasets/diabetes/processed_silos/hospital_4.csv] Round 2 - Loss: 0.4103, Acc: 0.8876, Prec: 0.8876, Recall: 1.0000, Spec: 0.0000, F1: 0.9404
[Client: ../../datasets/diabetes/processed_silos/hospital_4.csv] Round 3 - Loss: 0.4024 - accuracy: 0.8872
[Client: ../../datasets/diabetes/processed_silos/hospital_4.csv] Round 3 - Loss: 0.3923, Acc: 0.8876, Prec: 0.8876, Recall: 1.0000, Spec: 0.0000, F1: 0.9404
[Client: ../../datasets/diabetes/processed_silos/hospital_4.csv] Round 4 - Loss: 0.3907 - accuracy: 0.8872
[Client: ../../datasets/diabetes/processed_silos/hospital_4.csv] Round 4 - Loss: 0.3832, Acc: 0.8876, Prec: 0.8876, Recall: 1.0000, Spec: 0.0000, F1: 0.9404
[Client: ../../datasets/diabetes/processed_silos/hospital_4.csv] Round 5 - Loss: 0.3803 - accuracy: 0.8872
[Client: ../../datasets/diabetes/processed_silos/hospital_4.csv] Round 5 - Loss: 0.3754, Acc: 0.8876, Prec: 0.8876, Recall: 1.0000, Spec: 0.0000, F1: 0.9404
[Client: ../../datasets/diabetes/processed_silos/hospital_4.csv] Round 1 - Train Loss: 0.5713 - Eval Loss: 0.6687 - Accuracy: 0.8803
[DP] noise_multiplier=1.0, l2_norm_clip=1.0 used in DP-SGD
[Client: ../../datasets/diabetes/processed_silos/hospital_4.csv] Round 1 - Train Loss: 0.5373 - Eval Loss: 0.7024 - Accuracy: 0.8477
[DP] noise_multiplier=1.0, l2_norm_clip=1.0 used in DP-SGD
[Client: ../../datasets/diabetes/processed_silos/hospital_4.csv] Round 1 - Loss: 0.7106, Acc: 0.8364, Prec: 0.8898, Recall: 0.9310, Spec: 0.0894, F1: 0.9099
[Client: ../../datasets/diabetes/processed_silos/hospital_4.csv] Round 2 - Train Loss: 0.4437 - Eval Loss: 0.6211 - Accuracy: 0.8866
[DP] noise_multiplier=1.0, l2_norm_clip=1.0 used in DP-SGD
[Client: ../../datasets/diabetes/processed_silos/hospital_4.csv] Round 2 - Loss: 0.6218, Acc: 0.8863, Prec: 0.8877, Recall: 0.9982, Spec: 0.0028, F1: 0.9397
[Client: ../../datasets/diabetes/processed_silos/hospital_4.csv] Round 3 - Train Loss: 0.2857 - Eval Loss: 0.5708 - Accuracy: 0.8876
[DP] noise_multiplier=1.0, l2_norm_clip=1.0 used in DP-SGD
[Client: ../../datasets/diabetes/processed_silos/hospital_4.csv] Round 3 - Loss: 0.5798, Acc: 0.8876, Prec: 0.8876, Recall: 1.0000, Spec: 0.0000, F1: 0.9404
[Client: ../../datasets/diabetes/processed_silos/hospital_4.csv] Round 4 - Train Loss: 0.3010 - Eval Loss: 0.5611 - Accuracy: 0.8876
[DP] noise_multiplier=1.0, l2_norm_clip=1.0 used in DP-SGD
[Client: ../../datasets/diabetes/processed_silos/hospital_4.csv] Round 4 - Loss: 0.5570, Acc: 0.8876, Prec: 0.8876, Recall: 1.0000, Spec: 0.0000, F1: 0.9404
[Client: ../../datasets/diabetes/processed_silos/hospital_4.csv] Round 5 - Train Loss: 0.4350 - Eval Loss: 0.5478 - Accuracy: 0.8876
[DP] noise_multiplier=1.0, l2_norm_clip=1.0 used in DP-SGD
[Client: ../../datasets/diabetes/processed_silos/hospital_4.csv] Round 5 - Loss: 0.5456, Acc: 0.8876, Prec: 0.8876, Recall: 1.0000, Spec: 0.0000, F1: 0.9404
[Client: ../../datasets/diabetes/processed_silos/hospital_4.csv] Round 1 - Train Loss: 0.5561 - Eval Loss: 0.7069 - Accuracy: 0.8467
[DP+Clipping] DP-SGD applied with noise_multiplier=1.0, l2_norm_clip=1.0; Weight clipping applied with norm=1.0
[Client: ../../datasets/diabetes/processed_silos/hospital_4.csv] Round 1 - Loss: 0.6964, Acc: 0.8546, Prec: 0.8862, Recall: 0.9593, Spec: 0.0279, F1: 0.9213
[Client: ../../datasets/diabetes/processed_silos/hospital_4.csv] Round 2 - Train Loss: 0.7087 - Eval Loss: 0.6140 - Accuracy: 0.8876
[DP+Clipping] DP-SGD applied with noise_multiplier=1.0, l2_norm_clip=1.0; Weight clipping applied with norm=1.0
[Client: ../../datasets/diabetes/processed_silos/hospital_4.csv] Round 2 - Loss: 0.6107, Acc: 0.8872, Prec: 0.8875, Recall: 0.9996, Spec: 0.0000, F1: 0.9403
[Client: ../../datasets/diabetes/processed_silos/hospital_4.csv] Round 3 - Train Loss: 0.4363 - Eval Loss: 0.5678 - Accuracy: 0.8876
[DP+Clipping] DP-SGD applied with noise_multiplier=1.0, l2_norm_clip=1.0; Weight clipping applied with norm=1.0
[Client: ../../datasets/diabetes/processed_silos/hospital_4.csv] Round 3 - Loss: 0.5698, Acc: 0.8876, Prec: 0.8876, Recall: 1.0000, Spec: 0.0000, F1: 0.9404
[Client: ../../datasets/diabetes/processed_silos/hospital_4.csv] Round 4 - Train Loss: 0.4601 - Eval Loss: 0.5486 - Accuracy: 0.8876
[DP+Clipping] DP-SGD applied with noise_multiplier=1.0, l2_norm_clip=1.0; Weight clipping applied with norm=1.0
[Client: ../../datasets/diabetes/processed_silos/hospital_4.csv] Round 4 - Loss: 0.5500, Acc: 0.8876, Prec: 0.8876, Recall: 1.0000, Spec: 0.0000, F1: 0.9404
[Client: ../../datasets/diabetes/processed_silos/hospital_4.csv] Round 5 - Train Loss: 0.3446 - Eval Loss: 0.5399 - Accuracy: 0.8876
[DP+Clipping] DP-SGD applied with noise_multiplier=1.0, l2_norm_clip=1.0; Weight clipping applied with norm=1.0
[Client: ../../datasets/diabetes/processed_silos/hospital_4.csv] Round 5 - Loss: 0.5385, Acc: 0.8876, Prec: 0.8876, Recall: 1.0000, Spec: 0.0000, F1: 0.9404
[Client: ../../datasets/diabetes/processed_silos/hospital_4.csv] Round 1 - Train Loss: 0.7004 - Eval Loss: 0.7923 - Accuracy: 0.6768
[DP+Clipping] DP-SGD applied with noise_multiplier=1.0, l2_norm_clip=1.0; Weight clipping applied with norm=1.0
[Client: ../../datasets/diabetes/processed_silos/hospital_4.csv] Round 1 - Loss: 0.8031, Acc: 0.6580, Prec: 0.8855, Recall: 0.7059, Spec: 0.2793, F1: 0.7856
[Client: ../../datasets/diabetes/processed_silos/hospital_4.csv] Round 2 - Train Loss: 0.5760 - Eval Loss: 0.6529 - Accuracy: 0.8803
[DP+Clipping] DP-SGD applied with noise_multiplier=1.0, l2_norm_clip=1.0; Weight clipping applied with norm=1.0
[Client: ../../datasets/diabetes/processed_silos/hospital_4.csv] Round 2 - Loss: 0.6528, Acc: 0.8813, Prec: 0.8869, Recall: 0.9929, Spec: 0.0000, F1: 0.9369
[Client: ../../datasets/diabetes/processed_silos/hospital_4.csv] Round 3 - Train Loss: 0.4438 - Eval Loss: 0.5915 - Accuracy: 0.8876
[DP+Clipping] DP-SGD applied with noise_multiplier=1.0, l2_norm_clip=1.0; Weight clipping applied with norm=1.0
[Client: ../../datasets/diabetes/processed_silos/hospital_4.csv] Round 3 - Loss: 0.5925, Acc: 0.8872, Prec: 0.8875, Recall: 0.9996, Spec: 0.0000, F1: 0.9403
[Client: ../../datasets/diabetes/processed_silos/hospital_4.csv] Round 4 - Train Loss: 0.4534 - Eval Loss: 0.5626 - Accuracy: 0.8876
[DP+Clipping] DP-SGD applied with noise_multiplier=1.0, l2_norm_clip=1.0; Weight clipping applied with norm=1.0
[Client: ../../datasets/diabetes/processed_silos/hospital_4.csv] Round 4 - Loss: 0.5604, Acc: 0.8876, Prec: 0.8876, Recall: 1.0000, Spec: 0.0000, F1: 0.9404
[Client: ../../datasets/diabetes/processed_silos/hospital_4.csv] Round 5 - Train Loss: 0.4229 - Eval Loss: 0.5491 - Accuracy: 0.8876
[DP+Clipping] DP-SGD applied with noise_multiplier=1.0, l2_norm_clip=1.0; Weight clipping applied with norm=1.0
[Client: ../../datasets/diabetes/processed_silos/hospital_4.csv] Round 5 - Loss: 0.5470, Acc: 0.8876, Prec: 0.8876, Recall: 1.0000, Spec: 0.0000, F1: 0.9404
