[Client: ../../datasets/diabetes/processed_silos/hospital_2.csv] Round 1 - Loss: 0.4925
[Client: ../../datasets/diabetes/processed_silos/hospital_2.csv] Round 1 - Loss: 0.4900
[Client: ../../datasets/diabetes/processed_silos/hospital_2.csv] Round 1 - Loss: 0.4938
[Client: ../../datasets/diabetes/processed_silos/hospital_2.csv] Round 1 - Accuracy: 0.8868, Loss: 0.4364
[Client: ../../datasets/diabetes/processed_silos/hospital_2.csv] Round 2 - Loss: 0.4345
[Client: ../../datasets/diabetes/processed_silos/hospital_2.csv] Round 2 - Accuracy: 0.8865, Loss: 0.4056
[Client: ../../datasets/diabetes/processed_silos/hospital_2.csv] Round 3 - Loss: 0.4078
[Client: ../../datasets/diabetes/processed_silos/hospital_2.csv] Round 3 - Accuracy: 0.8865, Loss: 0.3889
[Client: ../../datasets/diabetes/processed_silos/hospital_2.csv] Round 4 - Loss: 0.3955
[Client: ../../datasets/diabetes/processed_silos/hospital_2.csv] Round 4 - Accuracy: 0.8865, Loss: 0.3786
[Client: ../../datasets/diabetes/processed_silos/hospital_2.csv] Round 5 - Loss: 0.3869
[Client: ../../datasets/diabetes/processed_silos/hospital_2.csv] Round 5 - Accuracy: 0.8865, Loss: 0.3709
[Client: ../../datasets/diabetes/processed_silos/hospital_2.csv] Round 1 - Loss: 0.4912 - accuracy: 0.8865
[Client: ../../datasets/diabetes/processed_silos/hospital_2.csv] Round 1 - Accuracy: 0.8865, Loss: 0.4360
[Client: ../../datasets/diabetes/processed_silos/hospital_2.csv] Round 2 - Loss: 0.4327 - accuracy: 0.8865
[Client: ../../datasets/diabetes/processed_silos/hospital_2.csv] Round 2 - Accuracy: 0.8865, Loss: 0.4037
[Client: ../../datasets/diabetes/processed_silos/hospital_2.csv] Round 3 - Loss: 0.4086 - accuracy: 0.8865
[Client: ../../datasets/diabetes/processed_silos/hospital_2.csv] Round 3 - Accuracy: 0.8865, Loss: 0.3868
[Client: ../../datasets/diabetes/processed_silos/hospital_2.csv] Round 4 - Loss: 0.3940 - accuracy: 0.8865
[Client: ../../datasets/diabetes/processed_silos/hospital_2.csv] Round 4 - Accuracy: 0.8865, Loss: 0.3762
[Client: ../../datasets/diabetes/processed_silos/hospital_2.csv] Round 5 - Loss: 0.3862 - accuracy: 0.8865
[Client: ../../datasets/diabetes/processed_silos/hospital_2.csv] Round 5 - Accuracy: 0.8865, Loss: 0.3689
[Client: ../../datasets/diabetes/processed_silos/hospital_2.csv] Round 1 - Loss: 0.5045 - accuracy: 0.8865
[Client: ../../datasets/diabetes/processed_silos/hospital_2.csv] Round 1 - Accuracy: 0.8868, Loss: 0.4357
[Client: ../../datasets/diabetes/processed_silos/hospital_2.csv] Round 2 - Loss: 0.4328 - accuracy: 0.8865
[Client: ../../datasets/diabetes/processed_silos/hospital_2.csv] Round 2 - Accuracy: 0.8868, Loss: 0.4034
[Client: ../../datasets/diabetes/processed_silos/hospital_2.csv] Round 3 - Loss: 0.4071 - accuracy: 0.8865
[Client: ../../datasets/diabetes/processed_silos/hospital_2.csv] Round 3 - Accuracy: 0.8868, Loss: 0.3856
[Client: ../../datasets/diabetes/processed_silos/hospital_2.csv] Round 4 - Loss: 0.3919 - accuracy: 0.8865
[Client: ../../datasets/diabetes/processed_silos/hospital_2.csv] Round 4 - Accuracy: 0.8865, Loss: 0.3753
[Client: ../../datasets/diabetes/processed_silos/hospital_2.csv] Round 5 - Loss: 0.3817 - accuracy: 0.8865
[Client: ../../datasets/diabetes/processed_silos/hospital_2.csv] Round 5 - Accuracy: 0.8865, Loss: 0.3674
[Client: ../../datasets/diabetes/processed_silos/hospital_2.csv] Round 1 - Loss: 0.4955 - accuracy: 0.8868
[Client: ../../datasets/diabetes/processed_silos/hospital_2.csv] Round 1 - Loss: 0.4392, Acc: 0.8868, Prec: 0.8867, Recall: 1.0000, Spec: 0.0027, F1: 0.9400
[Client: ../../datasets/diabetes/processed_silos/hospital_2.csv] Round 2 - Loss: 0.4376 - accuracy: 0.8865
[Client: ../../datasets/diabetes/processed_silos/hospital_2.csv] Round 2 - Loss: 0.4079, Acc: 0.8865, Prec: 0.8865, Recall: 1.0000, Spec: 0.0000, F1: 0.9398
[Client: ../../datasets/diabetes/processed_silos/hospital_2.csv] Round 3 - Loss: 0.4116 - accuracy: 0.8865
[Client: ../../datasets/diabetes/processed_silos/hospital_2.csv] Round 3 - Loss: 0.3909, Acc: 0.8865, Prec: 0.8865, Recall: 1.0000, Spec: 0.0000, F1: 0.9398
[Client: ../../datasets/diabetes/processed_silos/hospital_2.csv] Round 4 - Loss: 0.3977 - accuracy: 0.8865
[Client: ../../datasets/diabetes/processed_silos/hospital_2.csv] Round 4 - Loss: 0.3797, Acc: 0.8865, Prec: 0.8865, Recall: 1.0000, Spec: 0.0000, F1: 0.9398
[Client: ../../datasets/diabetes/processed_silos/hospital_2.csv] Round 5 - Loss: 0.3869 - accuracy: 0.8865
[Client: ../../datasets/diabetes/processed_silos/hospital_2.csv] Round 5 - Loss: 0.3717, Acc: 0.8865, Prec: 0.8865, Recall: 1.0000, Spec: 0.0000, F1: 0.9398
[Client: ../../datasets/diabetes/processed_silos/hospital_2.csv] Round 1 - Loss: 0.4956 - accuracy: 0.8865
[Client: ../../datasets/diabetes/processed_silos/hospital_2.csv] Round 1 - Loss: 0.4383, Acc: 0.8865, Prec: 0.8865, Recall: 1.0000, Spec: 0.0000, F1: 0.9398
[Client: ../../datasets/diabetes/processed_silos/hospital_2.csv] Round 2 - Loss: 0.4374 - accuracy: 0.8865
[Client: ../../datasets/diabetes/processed_silos/hospital_2.csv] Round 2 - Loss: 0.4075, Acc: 0.8865, Prec: 0.8865, Recall: 1.0000, Spec: 0.0000, F1: 0.9398
[Client: ../../datasets/diabetes/processed_silos/hospital_2.csv] Round 3 - Loss: 0.4114 - accuracy: 0.8865
[Client: ../../datasets/diabetes/processed_silos/hospital_2.csv] Round 3 - Loss: 0.3901, Acc: 0.8865, Prec: 0.8865, Recall: 1.0000, Spec: 0.0000, F1: 0.9398
[Client: ../../datasets/diabetes/processed_silos/hospital_2.csv] Round 4 - Loss: 0.3969 - accuracy: 0.8865
[Client: ../../datasets/diabetes/processed_silos/hospital_2.csv] Round 4 - Loss: 0.3791, Acc: 0.8865, Prec: 0.8865, Recall: 1.0000, Spec: 0.0000, F1: 0.9398
[Client: ../../datasets/diabetes/processed_silos/hospital_2.csv] Round 5 - Loss: 0.3885 - accuracy: 0.8865
[Client: ../../datasets/diabetes/processed_silos/hospital_2.csv] Round 5 - Loss: 0.3710, Acc: 0.8865, Prec: 0.8865, Recall: 1.0000, Spec: 0.0000, F1: 0.9398
[Client: ../../datasets/diabetes/processed_silos/hospital_2.csv] Round 1 - Loss: 0.5046 - accuracy: 0.8865
[Client: ../../datasets/diabetes/processed_silos/hospital_2.csv] Round 1 - Loss: 0.4383, Acc: 0.8865, Prec: 0.8865, Recall: 1.0000, Spec: 0.0000, F1: 0.9398
[Client: ../../datasets/diabetes/processed_silos/hospital_2.csv] Round 2 - Loss: 0.4324 - accuracy: 0.8865
[Client: ../../datasets/diabetes/processed_silos/hospital_2.csv] Round 2 - Loss: 0.4025, Acc: 0.8865, Prec: 0.8865, Recall: 1.0000, Spec: 0.0000, F1: 0.9398
[Client: ../../datasets/diabetes/processed_silos/hospital_2.csv] Round 3 - Loss: 0.4058 - accuracy: 0.8865
[Client: ../../datasets/diabetes/processed_silos/hospital_2.csv] Round 3 - Loss: 0.3848, Acc: 0.8865, Prec: 0.8865, Recall: 1.0000, Spec: 0.0000, F1: 0.9398
[Client: ../../datasets/diabetes/processed_silos/hospital_2.csv] Round 4 - Loss: 0.3913 - accuracy: 0.8865
[Client: ../../datasets/diabetes/processed_silos/hospital_2.csv] Round 4 - Loss: 0.3757, Acc: 0.8865, Prec: 0.8865, Recall: 1.0000, Spec: 0.0000, F1: 0.9398
[Client: ../../datasets/diabetes/processed_silos/hospital_2.csv] Round 5 - Loss: 0.3839 - accuracy: 0.8865
[Client: ../../datasets/diabetes/processed_silos/hospital_2.csv] Round 5 - Loss: 0.3684, Acc: 0.8865, Prec: 0.8865, Recall: 1.0000, Spec: 0.0000, F1: 0.9398
[Client: ../../datasets/diabetes/processed_silos/hospital_2.csv] Round 1 - Train Loss: 0.5838 - Eval Loss: 0.6551 - Accuracy: 0.8827
[DP] noise_multiplier=1.0, l2_norm_clip=1.0 used in DP-SGD
[Client: ../../datasets/diabetes/processed_silos/hospital_2.csv] Round 1 - Train Loss: 0.6130 - Eval Loss: 0.6994 - Accuracy: 0.8509
[DP] noise_multiplier=1.0, l2_norm_clip=1.0 used in DP-SGD
[Client: ../../datasets/diabetes/processed_silos/hospital_2.csv] Round 1 - Loss: 0.7102, Acc: 0.8456, Prec: 0.8908, Recall: 0.9412, Spec: 0.0989, F1: 0.9153
[Client: ../../datasets/diabetes/processed_silos/hospital_2.csv] Round 2 - Train Loss: 0.5715 - Eval Loss: 0.6178 - Accuracy: 0.8837
[DP] noise_multiplier=1.0, l2_norm_clip=1.0 used in DP-SGD
[Client: ../../datasets/diabetes/processed_silos/hospital_2.csv] Round 2 - Loss: 0.6188, Acc: 0.8840, Prec: 0.8862, Recall: 0.9972, Spec: 0.0000, F1: 0.9384
[Client: ../../datasets/diabetes/processed_silos/hospital_2.csv] Round 3 - Train Loss: 0.4275 - Eval Loss: 0.5822 - Accuracy: 0.8865
[DP] noise_multiplier=1.0, l2_norm_clip=1.0 used in DP-SGD
[Client: ../../datasets/diabetes/processed_silos/hospital_2.csv] Round 3 - Loss: 0.5764, Acc: 0.8865, Prec: 0.8865, Recall: 1.0000, Spec: 0.0000, F1: 0.9398
[Client: ../../datasets/diabetes/processed_silos/hospital_2.csv] Round 4 - Train Loss: 0.4907 - Eval Loss: 0.5517 - Accuracy: 0.8865
[DP] noise_multiplier=1.0, l2_norm_clip=1.0 used in DP-SGD
[Client: ../../datasets/diabetes/processed_silos/hospital_2.csv] Round 4 - Loss: 0.5534, Acc: 0.8865, Prec: 0.8865, Recall: 1.0000, Spec: 0.0000, F1: 0.9398
[Client: ../../datasets/diabetes/processed_silos/hospital_2.csv] Round 5 - Train Loss: 0.4535 - Eval Loss: 0.5408 - Accuracy: 0.8865
[DP] noise_multiplier=1.0, l2_norm_clip=1.0 used in DP-SGD
[Client: ../../datasets/diabetes/processed_silos/hospital_2.csv] Round 5 - Loss: 0.5418, Acc: 0.8865, Prec: 0.8865, Recall: 1.0000, Spec: 0.0000, F1: 0.9398
[Client: ../../datasets/diabetes/processed_silos/hospital_2.csv] Round 1 - Train Loss: 0.6834 - Eval Loss: 0.6867 - Accuracy: 0.8640
[DP+Clipping] DP-SGD applied with noise_multiplier=1.0, l2_norm_clip=1.0; Weight clipping applied with norm=1.0
[Client: ../../datasets/diabetes/processed_silos/hospital_2.csv] Round 1 - Loss: 0.6919, Acc: 0.8606, Prec: 0.8882, Recall: 0.9641, Spec: 0.0522, F1: 0.9246
[Client: ../../datasets/diabetes/processed_silos/hospital_2.csv] Round 2 - Train Loss: 0.4836 - Eval Loss: 0.6003 - Accuracy: 0.8865
[DP+Clipping] DP-SGD applied with noise_multiplier=1.0, l2_norm_clip=1.0; Weight clipping applied with norm=1.0
[Client: ../../datasets/diabetes/processed_silos/hospital_2.csv] Round 2 - Loss: 0.6045, Acc: 0.8862, Prec: 0.8864, Recall: 0.9996, Spec: 0.0000, F1: 0.9396
[Client: ../../datasets/diabetes/processed_silos/hospital_2.csv] Round 3 - Train Loss: 0.5560 - Eval Loss: 0.5640 - Accuracy: 0.8865
[DP+Clipping] DP-SGD applied with noise_multiplier=1.0, l2_norm_clip=1.0; Weight clipping applied with norm=1.0
[Client: ../../datasets/diabetes/processed_silos/hospital_2.csv] Round 3 - Loss: 0.5626, Acc: 0.8865, Prec: 0.8865, Recall: 1.0000, Spec: 0.0000, F1: 0.9398
[Client: ../../datasets/diabetes/processed_silos/hospital_2.csv] Round 4 - Train Loss: 0.4765 - Eval Loss: 0.5460 - Accuracy: 0.8865
[DP+Clipping] DP-SGD applied with noise_multiplier=1.0, l2_norm_clip=1.0; Weight clipping applied with norm=1.0
[Client: ../../datasets/diabetes/processed_silos/hospital_2.csv] Round 4 - Loss: 0.5421, Acc: 0.8865, Prec: 0.8865, Recall: 1.0000, Spec: 0.0000, F1: 0.9398
[Client: ../../datasets/diabetes/processed_silos/hospital_2.csv] Round 5 - Train Loss: 0.3102 - Eval Loss: 0.5292 - Accuracy: 0.8865
[DP+Clipping] DP-SGD applied with noise_multiplier=1.0, l2_norm_clip=1.0; Weight clipping applied with norm=1.0
[Client: ../../datasets/diabetes/processed_silos/hospital_2.csv] Round 5 - Loss: 0.5300, Acc: 0.8865, Prec: 0.8865, Recall: 1.0000, Spec: 0.0000, F1: 0.9398
[Client: ../../datasets/diabetes/processed_silos/hospital_2.csv] Round 1 - Train Loss: 0.7191 - Eval Loss: 0.8080 - Accuracy: 0.6491
[DP+Clipping] DP-SGD applied with noise_multiplier=1.0, l2_norm_clip=1.0; Weight clipping applied with norm=1.0
[Client: ../../datasets/diabetes/processed_silos/hospital_2.csv] Round 1 - Loss: 0.8068, Acc: 0.6463, Prec: 0.8840, Recall: 0.6918, Spec: 0.2912, F1: 0.7762
[Client: ../../datasets/diabetes/processed_silos/hospital_2.csv] Round 2 - Train Loss: 0.4930 - Eval Loss: 0.6527 - Accuracy: 0.8821
[DP+Clipping] DP-SGD applied with noise_multiplier=1.0, l2_norm_clip=1.0; Weight clipping applied with norm=1.0
[Client: ../../datasets/diabetes/processed_silos/hospital_2.csv] Round 2 - Loss: 0.6531, Acc: 0.8830, Prec: 0.8866, Recall: 0.9954, Spec: 0.0055, F1: 0.9378
[Client: ../../datasets/diabetes/processed_silos/hospital_2.csv] Round 3 - Train Loss: 0.4015 - Eval Loss: 0.5861 - Accuracy: 0.8865
[DP+Clipping] DP-SGD applied with noise_multiplier=1.0, l2_norm_clip=1.0; Weight clipping applied with norm=1.0
[Client: ../../datasets/diabetes/processed_silos/hospital_2.csv] Round 3 - Loss: 0.5914, Acc: 0.8865, Prec: 0.8865, Recall: 1.0000, Spec: 0.0000, F1: 0.9398
[Client: ../../datasets/diabetes/processed_silos/hospital_2.csv] Round 4 - Train Loss: 0.2579 - Eval Loss: 0.5579 - Accuracy: 0.8865
[DP+Clipping] DP-SGD applied with noise_multiplier=1.0, l2_norm_clip=1.0; Weight clipping applied with norm=1.0
[Client: ../../datasets/diabetes/processed_silos/hospital_2.csv] Round 4 - Loss: 0.5588, Acc: 0.8865, Prec: 0.8865, Recall: 1.0000, Spec: 0.0000, F1: 0.9398
[Client: ../../datasets/diabetes/processed_silos/hospital_2.csv] Round 5 - Train Loss: 0.2985 - Eval Loss: 0.5466 - Accuracy: 0.8865
[DP+Clipping] DP-SGD applied with noise_multiplier=1.0, l2_norm_clip=1.0; Weight clipping applied with norm=1.0
[Client: ../../datasets/diabetes/processed_silos/hospital_2.csv] Round 5 - Loss: 0.5446, Acc: 0.8865, Prec: 0.8865, Recall: 1.0000, Spec: 0.0000, F1: 0.9398
