[Client: ../../datasets/diabetes/processed_silos/hospital_5.csv] Round 1 - Loss: 0.4865
[Client: ../../datasets/diabetes/processed_silos/hospital_5.csv] Round 1 - Loss: 0.4836
[Client: ../../datasets/diabetes/processed_silos/hospital_5.csv] Round 1 - Loss: 0.4839
[Client: ../../datasets/diabetes/processed_silos/hospital_5.csv] Round 1 - Accuracy: 0.8906, Loss: 0.4344
[Client: ../../datasets/diabetes/processed_silos/hospital_5.csv] Round 2 - Loss: 0.4279
[Client: ../../datasets/diabetes/processed_silos/hospital_5.csv] Round 2 - Accuracy: 0.8906, Loss: 0.4018
[Client: ../../datasets/diabetes/processed_silos/hospital_5.csv] Round 3 - Loss: 0.4032
[Client: ../../datasets/diabetes/processed_silos/hospital_5.csv] Round 3 - Accuracy: 0.8906, Loss: 0.3845
[Client: ../../datasets/diabetes/processed_silos/hospital_5.csv] Round 4 - Loss: 0.3886
[Client: ../../datasets/diabetes/processed_silos/hospital_5.csv] Round 4 - Accuracy: 0.8906, Loss: 0.3737
[Client: ../../datasets/diabetes/processed_silos/hospital_5.csv] Round 5 - Loss: 0.3794
[Client: ../../datasets/diabetes/processed_silos/hospital_5.csv] Round 5 - Accuracy: 0.8906, Loss: 0.3664
[Client: ../../datasets/diabetes/processed_silos/hospital_5.csv] Round 1 - Loss: 0.4846 - accuracy: 0.8906
[Client: ../../datasets/diabetes/processed_silos/hospital_5.csv] Round 1 - Accuracy: 0.8906, Loss: 0.4331
[Client: ../../datasets/diabetes/processed_silos/hospital_5.csv] Round 2 - Loss: 0.4263 - accuracy: 0.8900
[Client: ../../datasets/diabetes/processed_silos/hospital_5.csv] Round 2 - Accuracy: 0.8906, Loss: 0.4004
[Client: ../../datasets/diabetes/processed_silos/hospital_5.csv] Round 3 - Loss: 0.4013 - accuracy: 0.8906
[Client: ../../datasets/diabetes/processed_silos/hospital_5.csv] Round 3 - Accuracy: 0.8906, Loss: 0.3829
[Client: ../../datasets/diabetes/processed_silos/hospital_5.csv] Round 4 - Loss: 0.3877 - accuracy: 0.8906
[Client: ../../datasets/diabetes/processed_silos/hospital_5.csv] Round 4 - Accuracy: 0.8906, Loss: 0.3721
[Client: ../../datasets/diabetes/processed_silos/hospital_5.csv] Round 5 - Loss: 0.3798 - accuracy: 0.8906
[Client: ../../datasets/diabetes/processed_silos/hospital_5.csv] Round 5 - Accuracy: 0.8906, Loss: 0.3647
[Client: ../../datasets/diabetes/processed_silos/hospital_5.csv] Round 1 - Loss: 0.4973 - accuracy: 0.8906
[Client: ../../datasets/diabetes/processed_silos/hospital_5.csv] Round 1 - Accuracy: 0.8906, Loss: 0.4335
[Client: ../../datasets/diabetes/processed_silos/hospital_5.csv] Round 2 - Loss: 0.4225 - accuracy: 0.8906
[Client: ../../datasets/diabetes/processed_silos/hospital_5.csv] Round 2 - Accuracy: 0.8906, Loss: 0.3998
[Client: ../../datasets/diabetes/processed_silos/hospital_5.csv] Round 3 - Loss: 0.3972 - accuracy: 0.8906
[Client: ../../datasets/diabetes/processed_silos/hospital_5.csv] Round 3 - Accuracy: 0.8903, Loss: 0.3818
[Client: ../../datasets/diabetes/processed_silos/hospital_5.csv] Round 4 - Loss: 0.3828 - accuracy: 0.8906
[Client: ../../datasets/diabetes/processed_silos/hospital_5.csv] Round 4 - Accuracy: 0.8903, Loss: 0.3711
[Client: ../../datasets/diabetes/processed_silos/hospital_5.csv] Round 5 - Loss: 0.3747 - accuracy: 0.8906
[Client: ../../datasets/diabetes/processed_silos/hospital_5.csv] Round 5 - Accuracy: 0.8903, Loss: 0.3634
[Client: ../../datasets/diabetes/processed_silos/hospital_5.csv] Round 1 - Loss: 0.4897 - accuracy: 0.8906
[Client: ../../datasets/diabetes/processed_silos/hospital_5.csv] Round 1 - Loss: 0.4344, Acc: 0.8903, Prec: 0.8906, Recall: 0.9996, Spec: 0.0000, F1: 0.9420
[Client: ../../datasets/diabetes/processed_silos/hospital_5.csv] Round 2 - Loss: 0.4331 - accuracy: 0.8906
[Client: ../../datasets/diabetes/processed_silos/hospital_5.csv] Round 2 - Loss: 0.4020, Acc: 0.8906, Prec: 0.8906, Recall: 1.0000, Spec: 0.0000, F1: 0.9421
[Client: ../../datasets/diabetes/processed_silos/hospital_5.csv] Round 3 - Loss: 0.4045 - accuracy: 0.8906
[Client: ../../datasets/diabetes/processed_silos/hospital_5.csv] Round 3 - Loss: 0.3848, Acc: 0.8906, Prec: 0.8906, Recall: 1.0000, Spec: 0.0000, F1: 0.9421
[Client: ../../datasets/diabetes/processed_silos/hospital_5.csv] Round 4 - Loss: 0.3910 - accuracy: 0.8906
[Client: ../../datasets/diabetes/processed_silos/hospital_5.csv] Round 4 - Loss: 0.3737, Acc: 0.8906, Prec: 0.8906, Recall: 1.0000, Spec: 0.0000, F1: 0.9421
[Client: ../../datasets/diabetes/processed_silos/hospital_5.csv] Round 5 - Loss: 0.3811 - accuracy: 0.8906
[Client: ../../datasets/diabetes/processed_silos/hospital_5.csv] Round 5 - Loss: 0.3658, Acc: 0.8906, Prec: 0.8906, Recall: 1.0000, Spec: 0.0000, F1: 0.9421
[Client: ../../datasets/diabetes/processed_silos/hospital_5.csv] Round 1 - Loss: 0.4848 - accuracy: 0.8906
[Client: ../../datasets/diabetes/processed_silos/hospital_5.csv] Round 1 - Loss: 0.4349, Acc: 0.8906, Prec: 0.8906, Recall: 1.0000, Spec: 0.0000, F1: 0.9421
[Client: ../../datasets/diabetes/processed_silos/hospital_5.csv] Round 2 - Loss: 0.4288 - accuracy: 0.8906
[Client: ../../datasets/diabetes/processed_silos/hospital_5.csv] Round 2 - Loss: 0.4042, Acc: 0.8906, Prec: 0.8906, Recall: 1.0000, Spec: 0.0000, F1: 0.9421
[Client: ../../datasets/diabetes/processed_silos/hospital_5.csv] Round 3 - Loss: 0.4081 - accuracy: 0.8906
[Client: ../../datasets/diabetes/processed_silos/hospital_5.csv] Round 3 - Loss: 0.3861, Acc: 0.8906, Prec: 0.8906, Recall: 1.0000, Spec: 0.0000, F1: 0.9421
[Client: ../../datasets/diabetes/processed_silos/hospital_5.csv] Round 4 - Loss: 0.3926 - accuracy: 0.8906
[Client: ../../datasets/diabetes/processed_silos/hospital_5.csv] Round 4 - Loss: 0.3741, Acc: 0.8906, Prec: 0.8906, Recall: 1.0000, Spec: 0.0000, F1: 0.9421
[Client: ../../datasets/diabetes/processed_silos/hospital_5.csv] Round 5 - Loss: 0.3819 - accuracy: 0.8906
[Client: ../../datasets/diabetes/processed_silos/hospital_5.csv] Round 5 - Loss: 0.3656, Acc: 0.8906, Prec: 0.8906, Recall: 1.0000, Spec: 0.0000, F1: 0.9421
[Client: ../../datasets/diabetes/processed_silos/hospital_5.csv] Round 1 - Loss: 0.4978 - accuracy: 0.8906
[Client: ../../datasets/diabetes/processed_silos/hospital_5.csv] Round 1 - Loss: 0.4348, Acc: 0.8906, Prec: 0.8906, Recall: 1.0000, Spec: 0.0000, F1: 0.9421
[Client: ../../datasets/diabetes/processed_silos/hospital_5.csv] Round 2 - Loss: 0.4249 - accuracy: 0.8906
[Client: ../../datasets/diabetes/processed_silos/hospital_5.csv] Round 2 - Loss: 0.3989, Acc: 0.8906, Prec: 0.8906, Recall: 1.0000, Spec: 0.0000, F1: 0.9421
[Client: ../../datasets/diabetes/processed_silos/hospital_5.csv] Round 3 - Loss: 0.3970 - accuracy: 0.8906
[Client: ../../datasets/diabetes/processed_silos/hospital_5.csv] Round 3 - Loss: 0.3811, Acc: 0.8906, Prec: 0.8906, Recall: 1.0000, Spec: 0.0000, F1: 0.9421
[Client: ../../datasets/diabetes/processed_silos/hospital_5.csv] Round 4 - Loss: 0.3844 - accuracy: 0.8906
[Client: ../../datasets/diabetes/processed_silos/hospital_5.csv] Round 4 - Loss: 0.3712, Acc: 0.8906, Prec: 0.8906, Recall: 1.0000, Spec: 0.0000, F1: 0.9421
[Client: ../../datasets/diabetes/processed_silos/hospital_5.csv] Round 5 - Loss: 0.3770 - accuracy: 0.8906
[Client: ../../datasets/diabetes/processed_silos/hospital_5.csv] Round 5 - Loss: 0.3636, Acc: 0.8906, Prec: 0.8906, Recall: 1.0000, Spec: 0.0000, F1: 0.9421
[Client: ../../datasets/diabetes/processed_silos/hospital_5.csv] Round 1 - Train Loss: 0.5172 - Eval Loss: 0.6532 - Accuracy: 0.8847
[DP] noise_multiplier=1.0, l2_norm_clip=1.0 used in DP-SGD
[Client: ../../datasets/diabetes/processed_silos/hospital_5.csv] Round 1 - Train Loss: 0.6242 - Eval Loss: 0.7116 - Accuracy: 0.8463
[DP] noise_multiplier=1.0, l2_norm_clip=1.0 used in DP-SGD
[Client: ../../datasets/diabetes/processed_silos/hospital_5.csv] Round 1 - Loss: 0.7095, Acc: 0.8451, Prec: 0.8939, Recall: 0.9373, Spec: 0.0940, F1: 0.9151
[Client: ../../datasets/diabetes/processed_silos/hospital_5.csv] Round 2 - Train Loss: 0.4922 - Eval Loss: 0.6161 - Accuracy: 0.8903
[DP] noise_multiplier=1.0, l2_norm_clip=1.0 used in DP-SGD
[Client: ../../datasets/diabetes/processed_silos/hospital_5.csv] Round 2 - Loss: 0.6184, Acc: 0.8900, Prec: 0.8910, Recall: 0.9986, Spec: 0.0057, F1: 0.9417
[Client: ../../datasets/diabetes/processed_silos/hospital_5.csv] Round 3 - Train Loss: 0.3539 - Eval Loss: 0.5778 - Accuracy: 0.8906
[DP] noise_multiplier=1.0, l2_norm_clip=1.0 used in DP-SGD
[Client: ../../datasets/diabetes/processed_silos/hospital_5.csv] Round 3 - Loss: 0.5748, Acc: 0.8906, Prec: 0.8906, Recall: 1.0000, Spec: 0.0000, F1: 0.9421
[Client: ../../datasets/diabetes/processed_silos/hospital_5.csv] Round 4 - Train Loss: 0.5563 - Eval Loss: 0.5538 - Accuracy: 0.8906
[DP] noise_multiplier=1.0, l2_norm_clip=1.0 used in DP-SGD
[Client: ../../datasets/diabetes/processed_silos/hospital_5.csv] Round 4 - Loss: 0.5512, Acc: 0.8906, Prec: 0.8906, Recall: 1.0000, Spec: 0.0000, F1: 0.9421
[Client: ../../datasets/diabetes/processed_silos/hospital_5.csv] Round 5 - Train Loss: 0.3966 - Eval Loss: 0.5432 - Accuracy: 0.8906
[DP] noise_multiplier=1.0, l2_norm_clip=1.0 used in DP-SGD
[Client: ../../datasets/diabetes/processed_silos/hospital_5.csv] Round 5 - Loss: 0.5391, Acc: 0.8906, Prec: 0.8906, Recall: 1.0000, Spec: 0.0000, F1: 0.9421
[Client: ../../datasets/diabetes/processed_silos/hospital_5.csv] Round 1 - Train Loss: 0.5424 - Eval Loss: 0.6910 - Accuracy: 0.8638
[DP+Clipping] DP-SGD applied with noise_multiplier=1.0, l2_norm_clip=1.0; Weight clipping applied with norm=1.0
[Client: ../../datasets/diabetes/processed_silos/hospital_5.csv] Round 1 - Loss: 0.6954, Acc: 0.8513, Prec: 0.8889, Recall: 0.9520, Spec: 0.0313, F1: 0.9194
[Client: ../../datasets/diabetes/processed_silos/hospital_5.csv] Round 2 - Train Loss: 0.5152 - Eval Loss: 0.6077 - Accuracy: 0.8906
[DP+Clipping] DP-SGD applied with noise_multiplier=1.0, l2_norm_clip=1.0; Weight clipping applied with norm=1.0
[Client: ../../datasets/diabetes/processed_silos/hospital_5.csv] Round 2 - Loss: 0.6078, Acc: 0.8906, Prec: 0.8906, Recall: 1.0000, Spec: 0.0000, F1: 0.9421
[Client: ../../datasets/diabetes/processed_silos/hospital_5.csv] Round 3 - Train Loss: 0.4084 - Eval Loss: 0.5638 - Accuracy: 0.8906
[DP+Clipping] DP-SGD applied with noise_multiplier=1.0, l2_norm_clip=1.0; Weight clipping applied with norm=1.0
[Client: ../../datasets/diabetes/processed_silos/hospital_5.csv] Round 3 - Loss: 0.5656, Acc: 0.8906, Prec: 0.8906, Recall: 1.0000, Spec: 0.0000, F1: 0.9421
[Client: ../../datasets/diabetes/processed_silos/hospital_5.csv] Round 4 - Train Loss: 0.4846 - Eval Loss: 0.5419 - Accuracy: 0.8906
[DP+Clipping] DP-SGD applied with noise_multiplier=1.0, l2_norm_clip=1.0; Weight clipping applied with norm=1.0
[Client: ../../datasets/diabetes/processed_silos/hospital_5.csv] Round 4 - Loss: 0.5451, Acc: 0.8906, Prec: 0.8906, Recall: 1.0000, Spec: 0.0000, F1: 0.9421
[Client: ../../datasets/diabetes/processed_silos/hospital_5.csv] Round 5 - Train Loss: 0.3731 - Eval Loss: 0.5302 - Accuracy: 0.8906
[DP+Clipping] DP-SGD applied with noise_multiplier=1.0, l2_norm_clip=1.0; Weight clipping applied with norm=1.0
[Client: ../../datasets/diabetes/processed_silos/hospital_5.csv] Round 5 - Loss: 0.5325, Acc: 0.8906, Prec: 0.8906, Recall: 1.0000, Spec: 0.0000, F1: 0.9421
[Client: ../../datasets/diabetes/processed_silos/hospital_5.csv] Round 1 - Train Loss: 0.7110 - Eval Loss: 0.7960 - Accuracy: 0.6796
[DP+Clipping] DP-SGD applied with noise_multiplier=1.0, l2_norm_clip=1.0; Weight clipping applied with norm=1.0
[Client: ../../datasets/diabetes/processed_silos/hospital_5.csv] Round 1 - Loss: 0.8043, Acc: 0.6506, Prec: 0.8882, Recall: 0.6951, Spec: 0.2877, F1: 0.7799
[Client: ../../datasets/diabetes/processed_silos/hospital_5.csv] Round 2 - Train Loss: 0.4407 - Eval Loss: 0.6413 - Accuracy: 0.8862
[DP+Clipping] DP-SGD applied with noise_multiplier=1.0, l2_norm_clip=1.0; Weight clipping applied with norm=1.0
[Client: ../../datasets/diabetes/processed_silos/hospital_5.csv] Round 2 - Loss: 0.6494, Acc: 0.8850, Prec: 0.8900, Recall: 0.9937, Spec: 0.0000, F1: 0.9390
[Client: ../../datasets/diabetes/processed_silos/hospital_5.csv] Round 3 - Train Loss: 0.3599 - Eval Loss: 0.5878 - Accuracy: 0.8906
[DP+Clipping] DP-SGD applied with noise_multiplier=1.0, l2_norm_clip=1.0; Weight clipping applied with norm=1.0
[Client: ../../datasets/diabetes/processed_silos/hospital_5.csv] Round 3 - Loss: 0.5866, Acc: 0.8906, Prec: 0.8906, Recall: 1.0000, Spec: 0.0000, F1: 0.9421
[Client: ../../datasets/diabetes/processed_silos/hospital_5.csv] Round 4 - Train Loss: 0.4768 - Eval Loss: 0.5524 - Accuracy: 0.8906
[DP+Clipping] DP-SGD applied with noise_multiplier=1.0, l2_norm_clip=1.0; Weight clipping applied with norm=1.0
[Client: ../../datasets/diabetes/processed_silos/hospital_5.csv] Round 4 - Loss: 0.5528, Acc: 0.8906, Prec: 0.8906, Recall: 1.0000, Spec: 0.0000, F1: 0.9421
[Client: ../../datasets/diabetes/processed_silos/hospital_5.csv] Round 5 - Train Loss: 0.3827 - Eval Loss: 0.5365 - Accuracy: 0.8906
[DP+Clipping] DP-SGD applied with noise_multiplier=1.0, l2_norm_clip=1.0; Weight clipping applied with norm=1.0
[Client: ../../datasets/diabetes/processed_silos/hospital_5.csv] Round 5 - Loss: 0.5382, Acc: 0.8906, Prec: 0.8906, Recall: 1.0000, Spec: 0.0000, F1: 0.9421
